<?xml version="1.0" encoding="UTF-8"?>
<!-- Generated by org.testng.reporters.JUnitReportReporter -->
<testsuite hostname="INHNJLPT-978465" failures="0" tests="1" name="qa.test.Testcase1" time="13.287" errors="0" timestamp="2024-03-20T16:29:26 IST" skipped="0">
  <testcase classname="qa.test.Testcase1" name="samplemethod" time="13.287"/>
</testsuite> <!-- qa.test.Testcase1 -->
